# JRE version: OpenJDK Runtime Environment (11.0.10) (build 11.0.10+0-b96-7249189)
# Java VM: OpenJDK 64-Bit Server VM (11.0.10+0-b96-7249189, mixed mode, tiered, compressed oops, g1 gc, windows-amd64)
Heap:
 garbage-first heap   total 252928K, used 189189K [0x0000000080000000, 0x0000000100000000)
  region size 1024K, 41 young (41984K), 7 survivors (7168K)
 Metaspace       used 121357K, capacity 125024K, committed 125308K, reserved 1159168K
  class space    used 15262K, capacity 16561K, committed 16640K, reserved 1048576K
GC Heap History (20 events):
Event: 1125.678 GC heap before
{Heap before GC invocations=99 (full 0):
 garbage-first heap   total 184320K, used 157885K [0x0000000080000000, 0x0000000100000000)
  region size 1024K, 32 young (32768K), 1 survivors (1024K)
 Metaspace       used 120340K, capacity 123995K, committed 124284K, reserved 1157120K
  class space    used 15217K, capacity 16502K, committed 16640K, reserved 1048576K
}
Event: 1125.680 GC heap after
{Heap after GC invocations=100 (full 0):
 garbage-first heap   total 184320K, used 126385K [0x0000000080000000, 0x0000000100000000)
  region size 1024K, 1 young (1024K), 1 survivors (1024K)
 Metaspace       used 120340K, capacity 123995K, committed 124284K, reserved 1157120K
  class space    used 15217K, capacity 16502K, committed 16640K, reserved 1048576K
}
Event: 1125.806 GC heap before
{Heap before GC invocations=100 (full 0):
 garbage-first heap   total 184320K, used 159153K [0x0000000080000000, 0x0000000100000000)
  region size 1024K, 33 young (33792K), 1 survivors (1024K)
 Metaspace       used 120344K, capacity 123995K, committed 124284K, reserved 1157120K
  class space    used 15217K, capacity 16502K, committed 16640K, reserved 1048576K
}
Event: 1125.842 GC heap after
{Heap after GC invocations=101 (full 0):
 garbage-first heap   total 184320K, used 129345K [0x0000000080000000, 0x0000000100000000)
  region size 1024K, 4 young (4096K), 4 survivors (4096K)
 Metaspace       used 120344K, capacity 123995K, committed 124284K, reserved 1157120K
  class space    used 15217K, capacity 16502K, committed 16640K, reserved 1048576K
}
Event: 1125.952 GC heap before
{Heap before GC invocations=101 (full 0):
 garbage-first heap   total 184320K, used 160065K [0x0000000080000000, 0x0000000100000000)
  region size 1024K, 33 young (33792K), 4 survivors (4096K)
 Metaspace       used 120350K, capacity 123995K, committed 124284K, reserved 1157120K
  class space    used 15217K, capacity 16502K, committed 16640K, reserved 1048576K
}
Event: 1125.988 GC heap after
{Heap after GC invocations=102 (full 0):
 garbage-first heap   total 184320K, used 128482K [0x0000000080000000, 0x0000000100000000)
  region size 1024K, 2 young (2048K), 2 survivors (2048K)
 Metaspace       used 120350K, capacity 123995K, committed 124284K, reserved 1157120K
  class space    used 15217K, capacity 16502K, committed 16640K, reserved 1048576K
}
Event: 1126.085 GC heap before
{Heap before GC invocations=102 (full 0):
 garbage-first heap   total 184320K, used 159202K [0x0000000080000000, 0x0000000100000000)
  region size 1024K, 32 young (32768K), 2 survivors (2048K)
 Metaspace       used 120354K, capacity 123995K, committed 124284K, reserved 1157120K
  class space    used 15217K, capacity 16502K, committed 16640K, reserved 1048576K
}
Event: 1126.086 GC heap after
{Heap after GC invocations=103 (full 0):
 garbage-first heap   total 184320K, used 128558K [0x0000000080000000, 0x0000000100000000)
  region size 1024K, 2 young (2048K), 2 survivors (2048K)
 Metaspace       used 120354K, capacity 123995K, committed 124284K, reserved 1157120K
  class space    used 15217K, capacity 16502K, committed 16640K, reserved 1048576K
}
Event: 1126.246 GC heap before
{Heap before GC invocations=104 (full 0):
 garbage-first heap   total 184320K, used 159278K [0x0000000080000000, 0x0000000100000000)
  region size 1024K, 32 young (32768K), 2 survivors (2048K)
 Metaspace       used 120384K, capacity 124059K, committed 124284K, reserved 1157120K
  class space    used 15217K, capacity 16502K, committed 16640K, reserved 1048576K
}
Event: 1126.249 GC heap after
{Heap after GC invocations=105 (full 0):
 garbage-first heap   total 184320K, used 129847K [0x0000000080000000, 0x0000000100000000)
  region size 1024K, 4 young (4096K), 4 survivors (4096K)
 Metaspace       used 120384K, capacity 124059K, committed 124284K, reserved 1157120K
  class space    used 15217K, capacity 16502K, committed 16640K, reserved 1048576K
}
Event: 1126.293 GC heap before
{Heap before GC invocations=105 (full 0):
 garbage-first heap   total 184320K, used 134967K [0x0000000080000000, 0x0000000100000000)
  region size 1024K, 9 young (9216K), 4 survivors (4096K)
 Metaspace       used 120417K, capacity 124142K, committed 124540K, reserved 1157120K
  class space    used 15219K, capacity 16505K, committed 16640K, reserved 1048576K
}
Event: 1126.299 GC heap after
{Heap after GC invocations=106 (full 0):
 garbage-first heap   total 184320K, used 129445K [0x0000000080000000, 0x0000000100000000)
  region size 1024K, 1 young (1024K), 1 survivors (1024K)
 Metaspace       used 120417K, capacity 124142K, committed 124540K, reserved 1157120K
  class space    used 15219K, capacity 16505K, committed 16640K, reserved 1048576K
}
Event: 1505.892 GC heap before
{Heap before GC invocations=106 (full 0):
 garbage-first heap   total 184320K, used 158117K [0x0000000080000000, 0x0000000100000000)
  region size 1024K, 30 young (30720K), 1 survivors (1024K)
 Metaspace       used 120638K, capacity 124223K, committed 124540K, reserved 1157120K
  class space    used 15220K, capacity 16507K, committed 16640K, reserved 1048576K
}
Event: 1506.255 GC heap after
{Heap after GC invocations=107 (full 0):
 garbage-first heap   total 252928K, used 131234K [0x0000000080000000, 0x0000000100000000)
  region size 1024K, 3 young (3072K), 3 survivors (3072K)
 Metaspace       used 120638K, capacity 124223K, committed 124540K, reserved 1157120K
  class space    used 15220K, capacity 16507K, committed 16640K, reserved 1048576K
}
Event: 1511.719 GC heap before
{Heap before GC invocations=108 (full 0):
 garbage-first heap   total 252928K, used 175266K [0x0000000080000000, 0x0000000100000000)
  region size 1024K, 48 young (49152K), 3 survivors (3072K)
 Metaspace       used 120869K, capacity 124502K, committed 124796K, reserved 1157120K
  class space    used 15236K, capacity 16521K, committed 16640K, reserved 1048576K
}
Event: 1511.835 GC heap after
{Heap after GC invocations=109 (full 0):
 garbage-first heap   total 252928K, used 139487K [0x0000000080000000, 0x0000000100000000)
  region size 1024K, 6 young (6144K), 6 survivors (6144K)
 Metaspace       used 120869K, capacity 124502K, committed 124796K, reserved 1157120K
  class space    used 15236K, capacity 16521K, committed 16640K, reserved 1048576K
}
Event: 1511.892 GC heap before
{Heap before GC invocations=109 (full 0):
 garbage-first heap   total 252928K, used 144607K [0x0000000080000000, 0x0000000100000000)
  region size 1024K, 12 young (12288K), 6 survivors (6144K)
 Metaspace       used 120873K, capacity 124502K, committed 124796K, reserved 1157120K
  class space    used 15236K, capacity 16521K, committed 16640K, reserved 1048576K
}
Event: 1511.955 GC heap after
{Heap after GC invocations=110 (full 0):
 garbage-first heap   total 252928K, used 143584K [0x0000000080000000, 0x0000000100000000)
  region size 1024K, 2 young (2048K), 2 survivors (2048K)
 Metaspace       used 120873K, capacity 124502K, committed 124796K, reserved 1157120K
  class space    used 15236K, capacity 16521K, committed 16640K, reserved 1048576K
}
Event: 1518.798 GC heap before
{Heap before GC invocations=110 (full 0):
 garbage-first heap   total 252928K, used 180448K [0x0000000080000000, 0x0000000100000000)
  region size 1024K, 40 young (40960K), 2 survivors (2048K)
 Metaspace       used 121227K, capacity 124933K, committed 125052K, reserved 1157120K
  class space    used 15254K, capacity 16556K, committed 16640K, reserved 1048576K
}
Event: 1519.099 GC heap after
{Heap after GC invocations=111 (full 0):
 garbage-first heap   total 252928K, used 152325K [0x0000000080000000, 0x0000000100000000)
  region size 1024K, 7 young (7168K), 7 survivors (7168K)
 Metaspace       used 121227K, capacity 124933K, committed 125052K, reserved 1157120K
  class space    used 15254K, capacity 16556K, committed 16640K, reserved 1048576K
}

